make: Entering directory '/home/server/Documents/config/openni2/OpenNI2'
make -C ThirdParty/PSCommon/XnLib/Source
make -C Source/DepthUtils
make[1]: Entering directory '/home/server/Documents/config/openni2/OpenNI2/ThirdParty/PSCommon/XnLib/Source'
make[1]: Entering directory '/home/server/Documents/config/openni2/OpenNI2/Source/DepthUtils'
g++ -MD -MP -MT "./../../Bin/Intermediate/x64-Release/libDepthUtils.a/DepthUtils.d ../../Bin/Intermediate/x64-Release/libDepthUtils.a/DepthUtils.o" -c -msse3 -Wall -O2 -DNDEBUG -I. -I../../Include -I../../ThirdParty/PSCommon/XnLib/Include  -fPIC -fvisibility=hidden -o ../../Bin/Intermediate/x64-Release/libDepthUtils.a/DepthUtils.o DepthUtils.cpp
g++ -MD -MP -MT "./../Bin/Intermediate/x64-Release/libXnLib.a/XnErrorLogger.d ../Bin/Intermediate/x64-Release/libXnLib.a/XnErrorLogger.o" -c -msse3 -Wall -O2 -DNDEBUG -I../Include  -fPIC -fvisibility=hidden -o ../Bin/Intermediate/x64-Release/libXnLib.a/XnErrorLogger.o XnErrorLogger.cpp
g++ -MD -MP -MT "./../../Bin/Intermediate/x64-Release/libDepthUtils.a/DepthUtilsImpl.d ../../Bin/Intermediate/x64-Release/libDepthUtils.a/DepthUtilsImpl.o" -c -msse3 -Wall -O2 -DNDEBUG -I. -I../../Include -I../../ThirdParty/PSCommon/XnLib/Include  -fPIC -fvisibility=hidden -o ../../Bin/Intermediate/x64-Release/libDepthUtils.a/DepthUtilsImpl.o DepthUtilsImpl.cpp
g++ -MD -MP -MT "./../Bin/Intermediate/x64-Release/libXnLib.a/XnFPSCalculator.d ../Bin/Intermediate/x64-Release/libXnLib.a/XnFPSCalculator.o" -c -msse3 -Wall -O2 -DNDEBUG -I../Include  -fPIC -fvisibility=hidden -o ../Bin/Intermediate/x64-Release/libXnLib.a/XnFPSCalculator.o XnFPSCalculator.cpp
g++ -MD -MP -MT "./../Bin/Intermediate/x64-Release/libXnLib.a/XnStatus.d ../Bin/Intermediate/x64-Release/libXnLib.a/XnStatus.o" -c -msse3 -Wall -O2 -DNDEBUG -I../Include  -fPIC -fvisibility=hidden -o ../Bin/Intermediate/x64-Release/libXnLib.a/XnStatus.o XnStatus.cpp
ar -cq ../../Bin/x64-Release/libDepthUtils.a ./../../Bin/Intermediate/x64-Release/libDepthUtils.a/DepthUtils.o ./../../Bin/Intermediate/x64-Release/libDepthUtils.a/DepthUtilsImpl.o
make[1]: Leaving directory '/home/server/Documents/config/openni2/OpenNI2/Source/DepthUtils'
g++ -MD -MP -MT "./../Bin/Intermediate/x64-Release/libXnLib.a/XnScheduler.d ../Bin/Intermediate/x64-Release/libXnLib.a/XnScheduler.o" -c -msse3 -Wall -O2 -DNDEBUG -I../Include  -fPIC -fvisibility=hidden -o ../Bin/Intermediate/x64-Release/libXnLib.a/XnScheduler.o XnScheduler.cpp
XnStatus.cpp:47:17: warning: ‘s_XN_OK_result’ defined but not used [-Wunused-variable]
 static XnStatus s_XN_OK_result = xnRegisterErrorCodeMessages(0, 0, 1, &s_OK_Data);
                 ^
make -C Wrappers/java/OpenNI.java
g++ -MD -MP -MT "./../Bin/Intermediate/x64-Release/libXnLib.a/XnThreads.d ../Bin/Intermediate/x64-Release/libXnLib.a/XnThreads.o" -c -msse3 -Wall -O2 -DNDEBUG -I../Include  -fPIC -fvisibility=hidden -o ../Bin/Intermediate/x64-Release/libXnLib.a/XnThreads.o XnThreads.cpp
make[1]: Entering directory '/home/server/Documents/config/openni2/OpenNI2/Wrappers/java/OpenNI.java'
mkdir -p ../../../Bin/Intermediate/x64-Release/org.openni.jar
javac  -d ../../../Bin/Intermediate/x64-Release/org.openni.jar src/org/openni/*.java
g++ -MD -MP -MT "./../Bin/Intermediate/x64-Release/libXnLib.a/XnUSB.d ../Bin/Intermediate/x64-Release/libXnLib.a/XnUSB.o" -c -msse3 -Wall -O2 -DNDEBUG -I../Include  -fPIC -fvisibility=hidden -o ../Bin/Intermediate/x64-Release/libXnLib.a/XnUSB.o XnUSB.cpp
g++ -MD -MP -MT "./../Bin/Intermediate/x64-Release/libXnLib.a/XnFiles.d ../Bin/Intermediate/x64-Release/libXnLib.a/XnFiles.o" -c -msse3 -Wall -O2 -DNDEBUG -I../Include  -fPIC -fvisibility=hidden -o ../Bin/Intermediate/x64-Release/libXnLib.a/XnFiles.o XnFiles.cpp
g++ -MD -MP -MT "./../Bin/Intermediate/x64-Release/libXnLib.a/XnLib.d ../Bin/Intermediate/x64-Release/libXnLib.a/XnLib.o" -c -msse3 -Wall -O2 -DNDEBUG -I../Include  -fPIC -fvisibility=hidden -o ../Bin/Intermediate/x64-Release/libXnLib.a/XnLib.o XnLib.cpp
In file included from XnLib.cpp:21:0:
../Include/XnStatusRegister.h:76:18: warning: ‘s_XN_ERROR_GROUP_NI0_result’ defined but not used [-Wunused-variable]
  static XnStatus s_##group##first##_result = xnRegisterErrorCodeMessages(group, first, sizeof(_XN_ERROR_GROUP_NAME(group, first)) / sizeof(XnErrorCodeData), _XN_ERROR_GROUP_NAME(group, first));
                  ^
../Include/XnStatus.h:97:2: note: in expansion of macro ‘XN_STATUS_MESSAGE_MAP_END_FROM’
  XN_STATUS_MESSAGE_MAP_END_FROM(group, 0)
  ^
../Include/XnStatusCodes.h:73:1: note: in expansion of macro ‘XN_STATUS_MESSAGE_MAP_END’
 XN_STATUS_MESSAGE_MAP_END(XN_ERROR_GROUP_NI)
 ^
../Include/XnStatusRegister.h:76:18: warning: ‘s_XN_ERROR_GROUP_OS0_result’ defined but not used [-Wunused-variable]
  static XnStatus s_##group##first##_result = xnRegisterErrorCodeMessages(group, first, sizeof(_XN_ERROR_GROUP_NAME(group, first)) / sizeof(XnErrorCodeData), _XN_ERROR_GROUP_NAME(group, first));
                  ^
../Include/XnStatus.h:97:2: note: in expansion of macro ‘XN_STATUS_MESSAGE_MAP_END_FROM’
  XN_STATUS_MESSAGE_MAP_END_FROM(group, 0)
  ^
../Include/XnStatusCodes.h:218:1: note: in expansion of macro ‘XN_STATUS_MESSAGE_MAP_END’
 XN_STATUS_MESSAGE_MAP_END(XN_ERROR_GROUP_OS)
 ^
g++ -MD -MP -MT "./../Bin/Intermediate/x64-Release/libXnLib.a/XnVector3D.d ../Bin/Intermediate/x64-Release/libXnLib.a/XnVector3D.o" -c -msse3 -Wall -O2 -DNDEBUG -I../Include  -fPIC -fvisibility=hidden -o ../Bin/Intermediate/x64-Release/libXnLib.a/XnVector3D.o XnVector3D.cpp
In file included from ../Include/XnVector3D.h:25:0,
                 from XnVector3D.cpp:21:
../Include/XnMath.h:158:24: warning: ‘xnl::Math::ROOT_TWO’ defined but not used [-Wunused-variable]
   static const XnFloat ROOT_TWO = (XnFloat)Sqrt(2.0f);
                        ^
../Include/XnMath.h:159:24: warning: ‘xnl::Math::ROOT_THREE’ defined but not used [-Wunused-variable]
   static const XnFloat ROOT_THREE = (XnFloat)Sqrt(3.0f);
                        ^
../Include/XnMath.h:163:24: warning: ‘xnl::Math::ROOT_TWO_PI’ defined but not used [-Wunused-variable]
   static const XnFloat ROOT_TWO_PI = (XnFloat)Sqrt(2.0f*M_PI);
                        ^
../Include/XnMath.h:166:24: warning: ‘xnl::Math::PHI’ defined but not used [-Wunused-variable]
   static const XnFloat PHI = (XnFloat)((-1.0f + Sqrt(5.0f)) / 2.0f);
                        ^
g++ -MD -MP -MT "./../Bin/Intermediate/x64-Release/libXnLib.a/XnLogFileWriter.d ../Bin/Intermediate/x64-Release/libXnLib.a/XnLogFileWriter.o" -c -msse3 -Wall -O2 -DNDEBUG -I../Include  -fPIC -fvisibility=hidden -o ../Bin/Intermediate/x64-Release/libXnLib.a/XnLogFileWriter.o XnLogFileWriter.cpp
g++ -MD -MP -MT "./../Bin/Intermediate/x64-Release/libXnLib.a/XnDump.d ../Bin/Intermediate/x64-Release/libXnLib.a/XnDump.o" -c -msse3 -Wall -O2 -DNDEBUG -I../Include  -fPIC -fvisibility=hidden -o ../Bin/Intermediate/x64-Release/libXnLib.a/XnDump.o XnDump.cpp
jar -cf ../../../Bin/x64-Release/org.openni.jar  -C ../../../Bin/Intermediate/x64-Release/org.openni.jar .
g++ -MD -MP -MT "./../Bin/Intermediate/x64-Release/libXnLib.a/XnSytmmetricMatrix3x3.d ../Bin/Intermediate/x64-Release/libXnLib.a/XnSytmmetricMatrix3x3.o" -c -msse3 -Wall -O2 -DNDEBUG -I../Include  -fPIC -fvisibility=hidden -o ../Bin/Intermediate/x64-Release/libXnLib.a/XnSytmmetricMatrix3x3.o XnSytmmetricMatrix3x3.cpp
make[1]: Leaving directory '/home/server/Documents/config/openni2/OpenNI2/Wrappers/java/OpenNI.java'
Source/Documentation/Runme.py
In file included from ../Include/XnVector3D.h:25:0,
                 from ../Include/XnSymmetricMatrix3x3.h:26,
                 from XnSytmmetricMatrix3x3.cpp:21:
../Include/XnMath.h:158:24: warning: ‘xnl::Math::ROOT_TWO’ defined but not used [-Wunused-variable]
   static const XnFloat ROOT_TWO = (XnFloat)Sqrt(2.0f);
                        ^
../Include/XnMath.h:163:24: warning: ‘xnl::Math::ROOT_TWO_PI’ defined but not used [-Wunused-variable]
   static const XnFloat ROOT_TWO_PI = (XnFloat)Sqrt(2.0f*M_PI);
                        ^
../Include/XnMath.h:166:24: warning: ‘xnl::Math::PHI’ defined but not used [-Wunused-variable]
   static const XnFloat PHI = (XnFloat)((-1.0f + Sqrt(5.0f)) / 2.0f);
                        ^
g++ -MD -MP -MT "./../Bin/Intermediate/x64-Release/libXnLib.a/XnLog.d ../Bin/Intermediate/x64-Release/libXnLib.a/XnLog.o" -c -msse3 -Wall -O2 -DNDEBUG -I../Include  -fPIC -fvisibility=hidden -o ../Bin/Intermediate/x64-Release/libXnLib.a/XnLog.o XnLog.cpp
g++ -MD -MP -MT "./../Bin/Intermediate/x64-Release/libXnLib.a/XnOS.d ../Bin/Intermediate/x64-Release/libXnLib.a/XnOS.o" -c -msse3 -Wall -O2 -DNDEBUG -I../Include  -fPIC -fvisibility=hidden -o ../Bin/Intermediate/x64-Release/libXnLib.a/XnOS.o XnOS.cpp
Traceback (most recent call last):
  File "Source/Documentation/Runme.py", line 50, in <module>
    subprocess.check_call(cmd, stdout=open(os.devnull,"w"), stderr=open(errfile,"w"))
  File "/usr/lib/python2.7/subprocess.py", line 541, in check_call
    raise CalledProcessError(retcode, cmd)
subprocess.CalledProcessError: Command '['javadoc', '-d', 'java', '../../Wrappers/java/OpenNI.java/src/org/openni/PlaybackControl.java', '../../Wrappers/java/OpenNI.java/src/org/openni/VideoStream.java', '../../Wrappers/java/OpenNI.java/src/org/openni/Version.java', '../../Wrappers/java/OpenNI.java/src/org/openni/CropArea.java', '../../Wrappers/java/OpenNI.java/src/org/openni/OutArg.java', '../../Wrappers/java/OpenNI.java/src/org/openni/VideoMode.java', '../../Wrappers/java/OpenNI.java/src/org/openni/ImageRegistrationMode.java', '../../Wrappers/java/OpenNI.java/src/org/openni/Point2D.java', '../../Wrappers/java/OpenNI.java/src/org/openni/SensorType.java', '../../Wrappers/java/OpenNI.java/src/org/openni/Recorder.java', '../../Wrappers/java/OpenNI.java/src/org/openni/PixelFormat.java', '../../Wrappers/java/OpenNI.java/src/org/openni/Point3D.java', '../../Wrappers/java/OpenNI.java/src/org/openni/DeviceInfo.java', '../../Wrappers/java/OpenNI.java/src/org/openni/OpenNI.java', '../../Wrappers/java/OpenNI.java/src/org/openni/VideoFrameRef.java', '../../Wrappers/java/OpenNI.java/src/org/openni/Device.java', '../../Wrappers/java/OpenNI.java/src/org/openni/SensorInfo.java', '../../Wrappers/java/OpenNI.java/src/org/openni/NativeMethods.java', '../../Wrappers/java/OpenNI.java/src/org/openni/CoordinateConverter.java']' returned non-zero exit status 1
Makefile:153: recipe for target 'doc' failed
make: *** [doc] Error 1
make: *** Waiting for unfinished jobs....
g++ -MD -MP -MT "./../Bin/Intermediate/x64-Release/libXnLib.a/XnLogConsoleWriter.d ../Bin/Intermediate/x64-Release/libXnLib.a/XnLogConsoleWriter.o" -c -msse3 -Wall -O2 -DNDEBUG -I../Include  -fPIC -fvisibility=hidden -o ../Bin/Intermediate/x64-Release/libXnLib.a/XnLogConsoleWriter.o XnLogConsoleWriter.cpp
g++ -MD -MP -MT "./../Bin/Intermediate/x64-Release/libXnLib.a/XnProfiling.d ../Bin/Intermediate/x64-Release/libXnLib.a/XnProfiling.o" -c -msse3 -Wall -O2 -DNDEBUG -I../Include  -fPIC -fvisibility=hidden -o ../Bin/Intermediate/x64-Release/libXnLib.a/XnProfiling.o XnProfiling.cpp
g++ -MD -MP -MT "./../Bin/Intermediate/x64-Release/libXnLib.a/XnStrings.d ../Bin/Intermediate/x64-Release/libXnLib.a/XnStrings.o" -c -msse3 -Wall -O2 -DNDEBUG -I../Include  -fPIC -fvisibility=hidden -o ../Bin/Intermediate/x64-Release/libXnLib.a/XnStrings.o XnStrings.cpp
g++ -MD -MP -MT "./../Bin/Intermediate/x64-Release/libXnLib.a/XnOSMemoryProfiling.d ../Bin/Intermediate/x64-Release/libXnLib.a/XnOSMemoryProfiling.o" -c -msse3 -Wall -O2 -DNDEBUG -I../Include  -fPIC -fvisibility=hidden -o ../Bin/Intermediate/x64-Release/libXnLib.a/XnOSMemoryProfiling.o XnOSMemoryProfiling.cpp
g++ -MD -MP -MT "./../Bin/Intermediate/x64-Release/libXnLib.a/XnLogAndroidWriter.d ../Bin/Intermediate/x64-Release/libXnLib.a/XnLogAndroidWriter.o" -c -msse3 -Wall -O2 -DNDEBUG -I../Include  -fPIC -fvisibility=hidden -o ../Bin/Intermediate/x64-Release/libXnLib.a/XnLogAndroidWriter.o XnLogAndroidWriter.cpp
g++ -MD -MP -MT "./../Bin/Intermediate/x64-Release/libXnLib.a/XnDumpFileWriter.d ../Bin/Intermediate/x64-Release/libXnLib.a/XnDumpFileWriter.o" -c -msse3 -Wall -O2 -DNDEBUG -I../Include  -fPIC -fvisibility=hidden -o ../Bin/Intermediate/x64-Release/libXnLib.a/XnDumpFileWriter.o XnDumpFileWriter.cpp
g++ -MD -MP -MT "./../Bin/Intermediate/x64-Release/libXnLib.a/XnLinuxINI.d ../Bin/Intermediate/x64-Release/libXnLib.a/XnLinuxINI.o" -c -msse3 -Wall -O2 -DNDEBUG -I../Include  -fPIC -fvisibility=hidden -o ../Bin/Intermediate/x64-Release/libXnLib.a/XnLinuxINI.o Linux/XnLinuxINI.cpp
g++ -MD -MP -MT "./../Bin/Intermediate/x64-Release/libXnLib.a/XnLinuxPosixNamedEvents.d ../Bin/Intermediate/x64-Release/libXnLib.a/XnLinuxPosixNamedEvents.o" -c -msse3 -Wall -O2 -DNDEBUG -I../Include  -fPIC -fvisibility=hidden -o ../Bin/Intermediate/x64-Release/libXnLib.a/XnLinuxPosixNamedEvents.o Linux/XnLinuxPosixNamedEvents.cpp
g++ -MD -MP -MT "./../Bin/Intermediate/x64-Release/libXnLib.a/XnLinuxStrings.d ../Bin/Intermediate/x64-Release/libXnLib.a/XnLinuxStrings.o" -c -msse3 -Wall -O2 -DNDEBUG -I../Include  -fPIC -fvisibility=hidden -o ../Bin/Intermediate/x64-Release/libXnLib.a/XnLinuxStrings.o Linux/XnLinuxStrings.cpp
g++ -MD -MP -MT "./../Bin/Intermediate/x64-Release/libXnLib.a/XnLinuxUSB.d ../Bin/Intermediate/x64-Release/libXnLib.a/XnLinuxUSB.o" -c -msse3 -Wall -O2 -DNDEBUG -I../Include  -fPIC -fvisibility=hidden -o ../Bin/Intermediate/x64-Release/libXnLib.a/XnLinuxUSB.o Linux/XnLinuxUSB.cpp
g++ -MD -MP -MT "./../Bin/Intermediate/x64-Release/libXnLib.a/XnLinuxCriticalSections.d ../Bin/Intermediate/x64-Release/libXnLib.a/XnLinuxCriticalSections.o" -c -msse3 -Wall -O2 -DNDEBUG -I../Include  -fPIC -fvisibility=hidden -o ../Bin/Intermediate/x64-Release/libXnLib.a/XnLinuxCriticalSections.o Linux/XnLinuxCriticalSections.cpp
g++ -MD -MP -MT "./../Bin/Intermediate/x64-Release/libXnLib.a/XnLinuxMutex.d ../Bin/Intermediate/x64-Release/libXnLib.a/XnLinuxMutex.o" -c -msse3 -Wall -O2 -DNDEBUG -I../Include  -fPIC -fvisibility=hidden -o ../Bin/Intermediate/x64-Release/libXnLib.a/XnLinuxMutex.o Linux/XnLinuxMutex.cpp
g++ -MD -MP -MT "./../Bin/Intermediate/x64-Release/libXnLib.a/XnLinuxMemory.d ../Bin/Intermediate/x64-Release/libXnLib.a/XnLinuxMemory.o" -c -msse3 -Wall -O2 -DNDEBUG -I../Include  -fPIC -fvisibility=hidden -o ../Bin/Intermediate/x64-Release/libXnLib.a/XnLinuxMemory.o Linux/XnLinuxMemory.cpp
g++ -MD -MP -MT "./../Bin/Intermediate/x64-Release/libXnLib.a/XnLinuxThreads.d ../Bin/Intermediate/x64-Release/libXnLib.a/XnLinuxThreads.o" -c -msse3 -Wall -O2 -DNDEBUG -I../Include  -fPIC -fvisibility=hidden -o ../Bin/Intermediate/x64-Release/libXnLib.a/XnLinuxThreads.o Linux/XnLinuxThreads.cpp
g++ -MD -MP -MT "./../Bin/Intermediate/x64-Release/libXnLib.a/XnLinuxProcesses.d ../Bin/Intermediate/x64-Release/libXnLib.a/XnLinuxProcesses.o" -c -msse3 -Wall -O2 -DNDEBUG -I../Include  -fPIC -fvisibility=hidden -o ../Bin/Intermediate/x64-Release/libXnLib.a/XnLinuxProcesses.o Linux/XnLinuxProcesses.cpp
g++ -MD -MP -MT "./../Bin/Intermediate/x64-Release/libXnLib.a/XnLinuxDebug.d ../Bin/Intermediate/x64-Release/libXnLib.a/XnLinuxDebug.o" -c -msse3 -Wall -O2 -DNDEBUG -I../Include  -fPIC -fvisibility=hidden -o ../Bin/Intermediate/x64-Release/libXnLib.a/XnLinuxDebug.o Linux/XnLinuxDebug.cpp
g++ -MD -MP -MT "./../Bin/Intermediate/x64-Release/libXnLib.a/XnLinuxPosixEvents.d ../Bin/Intermediate/x64-Release/libXnLib.a/XnLinuxPosixEvents.o" -c -msse3 -Wall -O2 -DNDEBUG -I../Include  -fPIC -fvisibility=hidden -o ../Bin/Intermediate/x64-Release/libXnLib.a/XnLinuxPosixEvents.o Linux/XnLinuxPosixEvents.cpp
g++ -MD -MP -MT "./../Bin/Intermediate/x64-Release/libXnLib.a/XnLinuxNetwork.d ../Bin/Intermediate/x64-Release/libXnLib.a/XnLinuxNetwork.o" -c -msse3 -Wall -O2 -DNDEBUG -I../Include  -fPIC -fvisibility=hidden -o ../Bin/Intermediate/x64-Release/libXnLib.a/XnLinuxNetwork.o Linux/XnLinuxNetwork.cpp
g++ -MD -MP -MT "./../Bin/Intermediate/x64-Release/libXnLib.a/XnLinuxKeyboard.d ../Bin/Intermediate/x64-Release/libXnLib.a/XnLinuxKeyboard.o" -c -msse3 -Wall -O2 -DNDEBUG -I../Include  -fPIC -fvisibility=hidden -o ../Bin/Intermediate/x64-Release/libXnLib.a/XnLinuxKeyboard.o Linux/XnLinuxKeyboard.cpp
g++ -MD -MP -MT "./../Bin/Intermediate/x64-Release/libXnLib.a/XnLinuxUSBDevice.d ../Bin/Intermediate/x64-Release/libXnLib.a/XnLinuxUSBDevice.o" -c -msse3 -Wall -O2 -DNDEBUG -I../Include  -fPIC -fvisibility=hidden -o ../Bin/Intermediate/x64-Release/libXnLib.a/XnLinuxUSBDevice.o Linux/XnLinuxUSBDevice.cpp
g++ -MD -MP -MT "./../Bin/Intermediate/x64-Release/libXnLib.a/XnLinuxSharedMemory.d ../Bin/Intermediate/x64-Release/libXnLib.a/XnLinuxSharedMemory.o" -c -msse3 -Wall -O2 -DNDEBUG -I../Include  -fPIC -fvisibility=hidden -o ../Bin/Intermediate/x64-Release/libXnLib.a/XnLinuxSharedMemory.o Linux/XnLinuxSharedMemory.cpp
g++ -MD -MP -MT "./../Bin/Intermediate/x64-Release/libXnLib.a/XnLinuxFiles.d ../Bin/Intermediate/x64-Release/libXnLib.a/XnLinuxFiles.o" -c -msse3 -Wall -O2 -DNDEBUG -I../Include  -fPIC -fvisibility=hidden -o ../Bin/Intermediate/x64-Release/libXnLib.a/XnLinuxFiles.o Linux/XnLinuxFiles.cpp
g++ -MD -MP -MT "./../Bin/Intermediate/x64-Release/libXnLib.a/XnLinuxEvents.d ../Bin/Intermediate/x64-Release/libXnLib.a/XnLinuxEvents.o" -c -msse3 -Wall -O2 -DNDEBUG -I../Include  -fPIC -fvisibility=hidden -o ../Bin/Intermediate/x64-Release/libXnLib.a/XnLinuxEvents.o Linux/XnLinuxEvents.cpp
g++ -MD -MP -MT "./../Bin/Intermediate/x64-Release/libXnLib.a/XnLinuxTime.d ../Bin/Intermediate/x64-Release/libXnLib.a/XnLinuxTime.o" -c -msse3 -Wall -O2 -DNDEBUG -I../Include  -fPIC -fvisibility=hidden -o ../Bin/Intermediate/x64-Release/libXnLib.a/XnLinuxTime.o Linux/XnLinuxTime.cpp
g++ -MD -MP -MT "./../Bin/Intermediate/x64-Release/libXnLib.a/XnLinuxSharedLibs.d ../Bin/Intermediate/x64-Release/libXnLib.a/XnLinuxSharedLibs.o" -c -msse3 -Wall -O2 -DNDEBUG -I../Include  -fPIC -fvisibility=hidden -o ../Bin/Intermediate/x64-Release/libXnLib.a/XnLinuxSharedLibs.o Linux/XnLinuxSharedLibs.cpp
g++ -MD -MP -MT "./../Bin/Intermediate/x64-Release/libXnLib.a/XnLinuxSysVNamedEvents.d ../Bin/Intermediate/x64-Release/libXnLib.a/XnLinuxSysVNamedEvents.o" -c -msse3 -Wall -O2 -DNDEBUG -I../Include  -fPIC -fvisibility=hidden -o ../Bin/Intermediate/x64-Release/libXnLib.a/XnLinuxSysVNamedEvents.o Linux/XnLinuxSysVNamedEvents.cpp
Linux/XnLinuxTime.cpp:33:17: warning: ‘g_initalizeStatus’ defined but not used [-Wunused-variable]
 static XnStatus g_initalizeStatus = xnOSTimeInit();
                 ^
ar -cq ../Bin/x64-Release/libXnLib.a ./../Bin/Intermediate/x64-Release/libXnLib.a/XnErrorLogger.o ./../Bin/Intermediate/x64-Release/libXnLib.a/XnFPSCalculator.o ./../Bin/Intermediate/x64-Release/libXnLib.a/XnStatus.o ./../Bin/Intermediate/x64-Release/libXnLib.a/XnScheduler.o ./../Bin/Intermediate/x64-Release/libXnLib.a/XnThreads.o ./../Bin/Intermediate/x64-Release/libXnLib.a/XnUSB.o ./../Bin/Intermediate/x64-Release/libXnLib.a/XnFiles.o ./../Bin/Intermediate/x64-Release/libXnLib.a/XnLib.o ./../Bin/Intermediate/x64-Release/libXnLib.a/XnVector3D.o ./../Bin/Intermediate/x64-Release/libXnLib.a/XnLogFileWriter.o ./../Bin/Intermediate/x64-Release/libXnLib.a/XnDump.o ./../Bin/Intermediate/x64-Release/libXnLib.a/XnSytmmetricMatrix3x3.o ./../Bin/Intermediate/x64-Release/libXnLib.a/XnLog.o ./../Bin/Intermediate/x64-Release/libXnLib.a/XnOS.o ./../Bin/Intermediate/x64-Release/libXnLib.a/XnLogConsoleWriter.o ./../Bin/Intermediate/x64-Release/libXnLib.a/XnProfiling.o ./../Bin/Intermediate/x64-Release/libXnLib.a/XnStrings.o ./../Bin/Intermediate/x64-Release/libXnLib.a/XnOSMemoryProfiling.o ./../Bin/Intermediate/x64-Release/libXnLib.a/XnLogAndroidWriter.o ./../Bin/Intermediate/x64-Release/libXnLib.a/XnDumpFileWriter.o ./../Bin/Intermediate/x64-Release/libXnLib.a/XnLinuxINI.o ./../Bin/Intermediate/x64-Release/libXnLib.a/XnLinuxPosixNamedEvents.o ./../Bin/Intermediate/x64-Release/libXnLib.a/XnLinuxStrings.o ./../Bin/Intermediate/x64-Release/libXnLib.a/XnLinuxUSB.o ./../Bin/Intermediate/x64-Release/libXnLib.a/XnLinuxCriticalSections.o ./../Bin/Intermediate/x64-Release/libXnLib.a/XnLinuxMutex.o ./../Bin/Intermediate/x64-Release/libXnLib.a/XnLinuxMemory.o ./../Bin/Intermediate/x64-Release/libXnLib.a/XnLinuxThreads.o ./../Bin/Intermediate/x64-Release/libXnLib.a/XnLinuxProcesses.o ./../Bin/Intermediate/x64-Release/libXnLib.a/XnLinuxDebug.o ./../Bin/Intermediate/x64-Release/libXnLib.a/XnLinuxPosixEvents.o ./../Bin/Intermediate/x64-Release/libXnLib.a/XnLinuxNetwork.o ./../Bin/Intermediate/x64-Release/libXnLib.a/XnLinuxKeyboard.o ./../Bin/Intermediate/x64-Release/libXnLib.a/XnLinuxUSBDevice.o ./../Bin/Intermediate/x64-Release/libXnLib.a/XnLinuxSharedMemory.o ./../Bin/Intermediate/x64-Release/libXnLib.a/XnLinuxFiles.o ./../Bin/Intermediate/x64-Release/libXnLib.a/XnLinuxEvents.o ./../Bin/Intermediate/x64-Release/libXnLib.a/XnLinuxTime.o ./../Bin/Intermediate/x64-Release/libXnLib.a/XnLinuxSharedLibs.o ./../Bin/Intermediate/x64-Release/libXnLib.a/XnLinuxSysVNamedEvents.o
make[1]: Leaving directory '/home/server/Documents/config/openni2/OpenNI2/ThirdParty/PSCommon/XnLib/Source'
make: Leaving directory '/home/server/Documents/config/openni2/OpenNI2'
